Build started 5/23/2017 3:53:56 PM.
     1>Project "D:\Dropbox_2\Dropbox\code release\TCM_CHI17_Release\VS2013_Windows8\TCM_CHI17_Demo.vcxproj" on node 2 (Build target(s)).
     1>ClCompile:
         C:\Program Files (x86)\Microsoft Visual Studio 12.0\VC\bin\CL.exe /c /Zi /nologo /W3 /WX- /O2 /Oi /Oy- /GL /D WIN32 /D NDEBUG /D _CONSOLE /D _LIB /D _UNICODE /D UNICODE /Gm- /EHsc /MD /GS /Gy /fp:precise /Zc:wchar_t /Zc:forScope /Fo"Release\\" /Fd"Release\vc120.pdb" /Gd /TP /analyze- /errorReport:prompt cdMatrix.cpp cdUserData.cpp main.cpp
         cdMatrix.cpp
         cdUserData.cpp
     1>cdUserData.cpp(36): warning C4996: 'fopen': This function or variable may be unsafe. Consider using fopen_s instead. To disable deprecation, use _CRT_SECURE_NO_WARNINGS. See online help for details.
                 C:\Program Files (x86)\Microsoft Visual Studio 12.0\VC\include\stdio.h(211) : see declaration of 'fopen'
     1>cdUserData.cpp(46): warning C4996: 'fscanf': This function or variable may be unsafe. Consider using fscanf_s instead. To disable deprecation, use _CRT_SECURE_NO_WARNINGS. See online help for details.
                 C:\Program Files (x86)\Microsoft Visual Studio 12.0\VC\include\stdio.h(230) : see declaration of 'fscanf'
         main.cpp
     1>main.cpp(34): warning C4305: 'initializing' : truncation from 'double' to 'float'
     1>main.cpp(35): warning C4305: 'initializing' : truncation from 'double' to 'float'
     1>main.cpp(36): warning C4305: 'initializing' : truncation from 'double' to 'float'
     1>main.cpp(37): warning C4305: 'initializing' : truncation from 'double' to 'float'
     1>main.cpp(39): warning C4305: 'initializing' : truncation from 'double' to 'float'
     1>main.cpp(43): warning C4305: 'argument' : truncation from 'double' to 'float'
     1>main.cpp(44): warning C4305: 'argument' : truncation from 'double' to 'float'
     1>main.cpp(57): warning C4996: 'fopen': This function or variable may be unsafe. Consider using fopen_s instead. To disable deprecation, use _CRT_SECURE_NO_WARNINGS. See online help for details.
                 C:\Program Files (x86)\Microsoft Visual Studio 12.0\VC\include\stdio.h(211) : see declaration of 'fopen'
     1>main.cpp(63): warning C4244: 'initializing' : conversion from 'int' to 'float', possible loss of data
       Link:
         C:\Program Files (x86)\Microsoft Visual Studio 12.0\VC\bin\link.exe /ERRORREPORT:PROMPT /OUT:"D:\Dropbox_2\Dropbox\code release\TCM_CHI17_Release\VS2013_Windows8\Release\TCM_CHI17_Demo.exe" /INCREMENTAL:NO /NOLOGO TCM_CHI17_v120d.lib kernel32.lib user32.lib gdi32.lib winspool.lib comdlg32.lib advapi32.lib shell32.lib ole32.lib oleaut32.lib uuid.lib odbc32.lib odbccp32.lib kernel32.lib user32.lib gdi32.lib winspool.lib comdlg32.lib advapi32.lib shell32.lib ole32.lib oleaut32.lib uuid.lib odbc32.lib odbccp32.lib /MANIFEST /MANIFESTUAC:"level='asInvoker' uiAccess='false'" /manifest:embed /DEBUG /PDB:"D:\Dropbox_2\Dropbox\code release\TCM_CHI17_Release\VS2013_Windows8\Release\TCM_CHI17_Demo.pdb" /SUBSYSTEM:CONSOLE /OPT:REF /OPT:ICF /LTCG /TLBID:1 /DYNAMICBASE /NXCOMPAT /IMPLIB:"D:\Dropbox_2\Dropbox\code release\TCM_CHI17_Release\VS2013_Windows8\Release\TCM_CHI17_Demo.lib" /MACHINE:X86 /SAFESEH Release\cdMatrix.obj
         Release\cdUserData.obj
         Release\main.obj
            Creating library D:\Dropbox_2\Dropbox\code release\TCM_CHI17_Release\VS2013_Windows8\Release\TCM_CHI17_Demo.lib and object D:\Dropbox_2\Dropbox\code release\TCM_CHI17_Release\VS2013_Windows8\Release\TCM_CHI17_Demo.exp
         Generating code
         Finished generating code
         TCM_CHI17_Demo.vcxproj -> D:\Dropbox_2\Dropbox\code release\TCM_CHI17_Release\VS2013_Windows8\Release\TCM_CHI17_Demo.exe
     1>Done Building Project "D:\Dropbox_2\Dropbox\code release\TCM_CHI17_Release\VS2013_Windows8\TCM_CHI17_Demo.vcxproj" (Build target(s)).

Build succeeded.

Time Elapsed 00:00:01.99
